2025-07-09 09:47:25.291  INFO 25892 --- [main] c.p.SpringBootRestServiceApplication     : Starting SpringBootRestServiceApplication on ASCINLAP61557 with PID 25892 (C:\Users\prithvika.v\eclipse-workspace\SpringBootRestService2\target\classes started by prithvika.v in C:\Users\prithvika.v\eclipse-workspace\SpringBootRestService2)
2025-07-09 09:47:25.311  INFO 25892 --- [main] c.p.SpringBootRestServiceApplication     : The following profiles are active: @activatedProperties@
2025-07-09 09:47:26.594  INFO 25892 --- [main] .s.d.r.c.RepositoryConfigurationDelegate : Bootstrapping Spring Data JPA repositories in DEFERRED mode.
2025-07-09 09:47:26.714  INFO 25892 --- [main] .s.d.r.c.RepositoryConfigurationDelegate : Finished Spring Data repository scanning in 107ms. Found 1 JPA repository interfaces.
2025-07-09 09:47:27.548  INFO 25892 --- [main] o.s.b.w.embedded.tomcat.TomcatWebServer  : Tomcat initialized with port(s): 8080 (http)
2025-07-09 09:47:27.568  INFO 25892 --- [main] o.apache.catalina.core.StandardService   : Starting service [Tomcat]
2025-07-09 09:47:27.569  INFO 25892 --- [main] org.apache.catalina.core.StandardEngine  : Starting Servlet engine: [Apache Tomcat/9.0.36]
2025-07-09 09:47:27.797  INFO 25892 --- [main] o.a.c.c.C.[Tomcat].[localhost].[/]       : Initializing Spring embedded WebApplicationContext
2025-07-09 09:47:27.798  INFO 25892 --- [main] w.s.c.ServletWebServerApplicationContext : Root WebApplicationContext: initialization completed in 2408 ms
2025-07-09 09:47:28.018  INFO 25892 --- [main] o.s.s.concurrent.ThreadPoolTaskExecutor  : Initializing ExecutorService 'applicationTaskExecutor'
2025-07-09 09:47:28.088  INFO 25892 --- [task-1] o.hibernate.jpa.internal.util.LogHelper  : HHH000204: Processing PersistenceUnitInfo [name: default]
2025-07-09 09:47:28.135  WARN 25892 --- [main] JpaBaseConfiguration$JpaWebConfiguration : spring.jpa.open-in-view is enabled by default. Therefore, database queries may be performed during view rendering. Explicitly configure spring.jpa.open-in-view to disable this warning
2025-07-09 09:47:28.225  INFO 25892 --- [task-1] org.hibernate.Version                    : HHH000412: Hibernate ORM core version 5.4.17.Final
2025-07-09 09:47:28.551  INFO 25892 --- [task-1] o.hibernate.annotations.common.Version   : HCANN000001: Hibernate Commons Annotations {5.1.0.Final}
2025-07-09 09:47:28.771  INFO 25892 --- [task-1] com.zaxxer.hikari.HikariDataSource       : HikariPool-1 - Starting...
2025-07-09 09:47:28.879  INFO 25892 --- [main] o.s.b.w.embedded.tomcat.TomcatWebServer  : Tomcat started on port(s): 8080 (http) with context path ''
2025-07-09 09:47:28.881  INFO 25892 --- [main] DeferredRepositoryInitializationListener : Triggering deferred initialization of Spring Data repositories…
2025-07-09 09:47:29.614  INFO 25892 --- [task-1] com.zaxxer.hikari.HikariDataSource       : HikariPool-1 - Start completed.
2025-07-09 09:47:29.650  INFO 25892 --- [task-1] org.hibernate.dialect.Dialect            : HHH000400: Using dialect: org.hibernate.dialect.MySQL5InnoDBDialect
2025-07-09 09:47:30.580  INFO 25892 --- [task-1] o.h.e.t.j.p.i.JtaPlatformInitiator       : HHH000490: Using JtaPlatform implementation: [org.hibernate.engine.transaction.jta.platform.internal.NoJtaPlatform]
2025-07-09 09:47:30.593  INFO 25892 --- [task-1] j.LocalContainerEntityManagerFactoryBean : Initialized JPA EntityManagerFactory for persistence unit 'default'
2025-07-09 09:47:30.834  INFO 25892 --- [main] DeferredRepositoryInitializationListener : Spring Data repositories initialized!
2025-07-09 09:47:30.842  INFO 25892 --- [main] c.p.SpringBootRestServiceApplication     : Started SpringBootRestServiceApplication in 6.129 seconds (JVM running for 8.418)
2025-07-09 09:52:34.130  INFO 25892 --- [http-nio-8080-exec-1] o.a.c.c.C.[Tomcat].[localhost].[/]       : Initializing Spring DispatcherServlet 'dispatcherServlet'
2025-07-09 09:52:34.136  INFO 25892 --- [http-nio-8080-exec-1] o.s.web.servlet.DispatcherServlet        : Initializing Servlet 'dispatcherServlet'
2025-07-09 09:52:34.152  INFO 25892 --- [http-nio-8080-exec-1] o.s.web.servlet.DispatcherServlet        : Completed initialization in 16 ms
2025-07-09 10:55:11.745  INFO 25892 --- [http-nio-8080-exec-1] c.p.controller.LibraryController         : Book does not exist, creating...
2025-07-09 11:03:39.777  INFO 3792 --- [main] .p.SpringBootRestServiceApplicationTests : Starting SpringBootRestServiceApplicationTests on ASCINLAP61557 with PID 3792 (started by prithvika.v in C:\Users\prithvika.v\eclipse-workspace\SpringBootRestService2)
2025-07-09 11:03:39.779  INFO 3792 --- [main] .p.SpringBootRestServiceApplicationTests : The following profiles are active: @activatedProperties@
2025-07-09 11:03:41.802  INFO 3792 --- [main] .s.d.r.c.RepositoryConfigurationDelegate : Bootstrapping Spring Data JPA repositories in DEFERRED mode.
2025-07-09 11:03:41.937  INFO 3792 --- [main] .s.d.r.c.RepositoryConfigurationDelegate : Finished Spring Data repository scanning in 111ms. Found 1 JPA repository interfaces.
2025-07-09 11:03:43.891  INFO 3792 --- [main] o.s.s.concurrent.ThreadPoolTaskExecutor  : Initializing ExecutorService 'applicationTaskExecutor'
2025-07-09 11:03:44.113  INFO 3792 --- [task-1] o.hibernate.jpa.internal.util.LogHelper  : HHH000204: Processing PersistenceUnitInfo [name: default]
2025-07-09 11:03:44.355  INFO 3792 --- [task-1] org.hibernate.Version                    : HHH000412: Hibernate ORM core version 5.4.17.Final
2025-07-09 11:03:44.720  INFO 3792 --- [task-1] o.hibernate.annotations.common.Version   : HCANN000001: Hibernate Commons Annotations {5.1.0.Final}
2025-07-09 11:03:45.096  WARN 3792 --- [main] JpaBaseConfiguration$JpaWebConfiguration : spring.jpa.open-in-view is enabled by default. Therefore, database queries may be performed during view rendering. Explicitly configure spring.jpa.open-in-view to disable this warning
2025-07-09 11:03:45.606  INFO 3792 --- [task-1] com.zaxxer.hikari.HikariDataSource       : HikariPool-1 - Starting...
2025-07-09 11:03:47.093  INFO 3792 --- [task-1] com.zaxxer.hikari.HikariDataSource       : HikariPool-1 - Start completed.
2025-07-09 11:03:47.182  INFO 3792 --- [task-1] org.hibernate.dialect.Dialect            : HHH000400: Using dialect: org.hibernate.dialect.MySQL5InnoDBDialect
2025-07-09 11:03:47.397  INFO 3792 --- [main] o.s.b.t.m.w.SpringBootMockServletContext : Initializing Spring TestDispatcherServlet ''
2025-07-09 11:03:47.398  INFO 3792 --- [main] o.s.t.web.servlet.TestDispatcherServlet  : Initializing Servlet ''
2025-07-09 11:03:47.476  INFO 3792 --- [main] o.s.t.web.servlet.TestDispatcherServlet  : Completed initialization in 76 ms
2025-07-09 11:03:47.549  INFO 3792 --- [main] DeferredRepositoryInitializationListener : Triggering deferred initialization of Spring Data repositories…
2025-07-09 11:03:47.555  INFO 3792 --- [main] DeferredRepositoryInitializationListener : Spring Data repositories initialized!
2025-07-09 11:03:47.593  INFO 3792 --- [main] .p.SpringBootRestServiceApplicationTests : Started SpringBootRestServiceApplicationTests in 8.581 seconds (JVM running for 11.903)
2025-07-09 11:03:48.639  INFO 3792 --- [task-1] o.h.e.t.j.p.i.JtaPlatformInitiator       : HHH000490: Using JtaPlatform implementation: [org.hibernate.engine.transaction.jta.platform.internal.NoJtaPlatform]
2025-07-09 11:03:48.652  INFO 3792 --- [task-1] j.LocalContainerEntityManagerFactoryBean : Initialized JPA EntityManagerFactory for persistence unit 'default'
2025-07-09 11:03:48.993  INFO 3792 --- [main] c.p.controller.LibraryController         : Book is deleted
2025-07-09 11:03:49.078  INFO 3792 --- [main] c.p.controller.LibraryController         : Book does not exist, creating...
2025-07-09 11:03:49.304  INFO 3792 --- [main] c.p.controller.LibraryController         : Book does not exist, creating...
2025-07-09 11:03:49.366  INFO 3792 --- [SpringContextShutdownHook] j.LocalContainerEntityManagerFactoryBean : Closing JPA EntityManagerFactory for persistence unit 'default'
2025-07-09 11:03:49.372  INFO 3792 --- [SpringContextShutdownHook] o.s.s.concurrent.ThreadPoolTaskExecutor  : Shutting down ExecutorService 'applicationTaskExecutor'
2025-07-09 11:03:49.374  INFO 3792 --- [SpringContextShutdownHook] com.zaxxer.hikari.HikariDataSource       : HikariPool-1 - Shutdown initiated...
2025-07-09 11:03:49.425  INFO 3792 --- [SpringContextShutdownHook] com.zaxxer.hikari.HikariDataSource       : HikariPool-1 - Shutdown completed.
2025-07-09 11:04:30.045  INFO 35272 --- [main] .p.SpringBootRestServiceApplicationTests : Starting SpringBootRestServiceApplicationTests on ASCINLAP61557 with PID 35272 (started by prithvika.v in C:\Users\prithvika.v\eclipse-workspace\SpringBootRestService2)
2025-07-09 11:04:30.048  INFO 35272 --- [main] .p.SpringBootRestServiceApplicationTests : The following profiles are active: @activatedProperties@
2025-07-09 11:04:31.867  INFO 35272 --- [main] .s.d.r.c.RepositoryConfigurationDelegate : Bootstrapping Spring Data JPA repositories in DEFERRED mode.
2025-07-09 11:04:31.970  INFO 35272 --- [main] .s.d.r.c.RepositoryConfigurationDelegate : Finished Spring Data repository scanning in 90ms. Found 1 JPA repository interfaces.
2025-07-09 11:04:33.723  INFO 35272 --- [main] o.s.s.concurrent.ThreadPoolTaskExecutor  : Initializing ExecutorService 'applicationTaskExecutor'
2025-07-09 11:04:33.850  INFO 35272 --- [task-1] o.hibernate.jpa.internal.util.LogHelper  : HHH000204: Processing PersistenceUnitInfo [name: default]
2025-07-09 11:04:34.133  INFO 35272 --- [task-1] org.hibernate.Version                    : HHH000412: Hibernate ORM core version 5.4.17.Final
2025-07-09 11:04:34.412  INFO 35272 --- [task-1] o.hibernate.annotations.common.Version   : HCANN000001: Hibernate Commons Annotations {5.1.0.Final}
2025-07-09 11:04:34.713  WARN 35272 --- [main] JpaBaseConfiguration$JpaWebConfiguration : spring.jpa.open-in-view is enabled by default. Therefore, database queries may be performed during view rendering. Explicitly configure spring.jpa.open-in-view to disable this warning
2025-07-09 11:04:35.179  INFO 35272 --- [task-1] com.zaxxer.hikari.HikariDataSource       : HikariPool-1 - Starting...
2025-07-09 11:04:36.410  INFO 35272 --- [main] o.s.b.t.m.w.SpringBootMockServletContext : Initializing Spring TestDispatcherServlet ''
2025-07-09 11:04:36.419  INFO 35272 --- [main] o.s.t.web.servlet.TestDispatcherServlet  : Initializing Servlet ''
2025-07-09 11:04:36.483  INFO 35272 --- [main] o.s.t.web.servlet.TestDispatcherServlet  : Completed initialization in 63 ms
2025-07-09 11:04:36.577  INFO 35272 --- [main] DeferredRepositoryInitializationListener : Triggering deferred initialization of Spring Data repositories…
2025-07-09 11:04:36.583  INFO 35272 --- [main] DeferredRepositoryInitializationListener : Spring Data repositories initialized!
2025-07-09 11:04:36.634  INFO 35272 --- [main] .p.SpringBootRestServiceApplicationTests : Started SpringBootRestServiceApplicationTests in 7.421 seconds (JVM running for 9.284)
2025-07-09 11:04:36.678  INFO 35272 --- [task-1] com.zaxxer.hikari.HikariDataSource       : HikariPool-1 - Start completed.
2025-07-09 11:04:36.788  INFO 35272 --- [task-1] org.hibernate.dialect.Dialect            : HHH000400: Using dialect: org.hibernate.dialect.MySQL5InnoDBDialect
2025-07-09 11:04:37.949  INFO 35272 --- [task-1] o.h.e.t.j.p.i.JtaPlatformInitiator       : HHH000490: Using JtaPlatform implementation: [org.hibernate.engine.transaction.jta.platform.internal.NoJtaPlatform]
2025-07-09 11:04:37.970  INFO 35272 --- [task-1] j.LocalContainerEntityManagerFactoryBean : Initialized JPA EntityManagerFactory for persistence unit 'default'
2025-07-09 11:04:38.217  INFO 35272 --- [main] c.p.controller.LibraryController         : Book is deleted
2025-07-09 11:04:38.326  INFO 35272 --- [main] c.p.controller.LibraryController         : Book does not exist, creating...
2025-07-09 11:04:38.536  INFO 35272 --- [main] c.p.controller.LibraryController         : Book does not exist, creating...
2025-07-09 11:04:38.588  INFO 35272 --- [SpringContextShutdownHook] j.LocalContainerEntityManagerFactoryBean : Closing JPA EntityManagerFactory for persistence unit 'default'
2025-07-09 11:04:38.592  INFO 35272 --- [SpringContextShutdownHook] o.s.s.concurrent.ThreadPoolTaskExecutor  : Shutting down ExecutorService 'applicationTaskExecutor'
2025-07-09 11:04:38.594  INFO 35272 --- [SpringContextShutdownHook] com.zaxxer.hikari.HikariDataSource       : HikariPool-1 - Shutdown initiated...
2025-07-09 11:04:38.633  INFO 35272 --- [SpringContextShutdownHook] com.zaxxer.hikari.HikariDataSource       : HikariPool-1 - Shutdown completed.
2025-07-09 11:07:03.208  INFO 37388 --- [main] .p.SpringBootRestServiceApplicationTests : Starting SpringBootRestServiceApplicationTests on ASCINLAP61557 with PID 37388 (started by prithvika.v in C:\Users\prithvika.v\eclipse-workspace\SpringBootRestService2)
2025-07-09 11:07:03.210  INFO 37388 --- [main] .p.SpringBootRestServiceApplicationTests : The following profiles are active: @activatedProperties@
2025-07-09 11:07:04.673  INFO 37388 --- [main] .s.d.r.c.RepositoryConfigurationDelegate : Bootstrapping Spring Data JPA repositories in DEFERRED mode.
2025-07-09 11:07:04.765  INFO 37388 --- [main] .s.d.r.c.RepositoryConfigurationDelegate : Finished Spring Data repository scanning in 78ms. Found 1 JPA repository interfaces.
2025-07-09 11:07:06.360  INFO 37388 --- [main] o.s.s.concurrent.ThreadPoolTaskExecutor  : Initializing ExecutorService 'applicationTaskExecutor'
2025-07-09 11:07:06.482  INFO 37388 --- [task-1] o.hibernate.jpa.internal.util.LogHelper  : HHH000204: Processing PersistenceUnitInfo [name: default]
2025-07-09 11:07:06.719  INFO 37388 --- [task-1] org.hibernate.Version                    : HHH000412: Hibernate ORM core version 5.4.17.Final
2025-07-09 11:07:06.897  INFO 37388 --- [task-1] o.hibernate.annotations.common.Version   : HCANN000001: Hibernate Commons Annotations {5.1.0.Final}
2025-07-09 11:07:07.195  WARN 37388 --- [main] JpaBaseConfiguration$JpaWebConfiguration : spring.jpa.open-in-view is enabled by default. Therefore, database queries may be performed during view rendering. Explicitly configure spring.jpa.open-in-view to disable this warning
2025-07-09 11:07:07.606  INFO 37388 --- [task-1] com.zaxxer.hikari.HikariDataSource       : HikariPool-1 - Starting...
2025-07-09 11:07:08.931  INFO 37388 --- [main] o.s.b.t.m.w.SpringBootMockServletContext : Initializing Spring TestDispatcherServlet ''
2025-07-09 11:07:08.932  INFO 37388 --- [main] o.s.t.web.servlet.TestDispatcherServlet  : Initializing Servlet ''
2025-07-09 11:07:08.989  INFO 37388 --- [main] o.s.t.web.servlet.TestDispatcherServlet  : Completed initialization in 56 ms
2025-07-09 11:07:09.021  INFO 37388 --- [task-1] com.zaxxer.hikari.HikariDataSource       : HikariPool-1 - Start completed.
2025-07-09 11:07:09.034  INFO 37388 --- [main] DeferredRepositoryInitializationListener : Triggering deferred initialization of Spring Data repositories…
2025-07-09 11:07:09.036  INFO 37388 --- [main] DeferredRepositoryInitializationListener : Spring Data repositories initialized!
2025-07-09 11:07:09.062  INFO 37388 --- [main] .p.SpringBootRestServiceApplicationTests : Started SpringBootRestServiceApplicationTests in 6.403 seconds (JVM running for 8.27)
2025-07-09 11:07:09.092  INFO 37388 --- [task-1] org.hibernate.dialect.Dialect            : HHH000400: Using dialect: org.hibernate.dialect.MySQL5InnoDBDialect
2025-07-09 11:07:10.153  INFO 37388 --- [task-1] o.h.e.t.j.p.i.JtaPlatformInitiator       : HHH000490: Using JtaPlatform implementation: [org.hibernate.engine.transaction.jta.platform.internal.NoJtaPlatform]
2025-07-09 11:07:10.169  INFO 37388 --- [task-1] j.LocalContainerEntityManagerFactoryBean : Initialized JPA EntityManagerFactory for persistence unit 'default'
2025-07-09 11:07:10.430  INFO 37388 --- [main] c.p.controller.LibraryController         : Book is deleted
2025-07-09 11:07:10.508  INFO 37388 --- [main] c.p.controller.LibraryController         : Book does not exist, creating...
2025-07-09 11:07:10.600  INFO 37388 --- [main] c.p.controller.LibraryController         : Book does not exist, creating...
2025-07-09 11:07:10.640  INFO 37388 --- [SpringContextShutdownHook] j.LocalContainerEntityManagerFactoryBean : Closing JPA EntityManagerFactory for persistence unit 'default'
2025-07-09 11:07:10.647  INFO 37388 --- [SpringContextShutdownHook] o.s.s.concurrent.ThreadPoolTaskExecutor  : Shutting down ExecutorService 'applicationTaskExecutor'
2025-07-09 11:07:10.650  INFO 37388 --- [SpringContextShutdownHook] com.zaxxer.hikari.HikariDataSource       : HikariPool-1 - Shutdown initiated...
2025-07-09 11:07:10.695  INFO 37388 --- [SpringContextShutdownHook] com.zaxxer.hikari.HikariDataSource       : HikariPool-1 - Shutdown completed.
2025-07-09 11:08:03.086  INFO 27880 --- [main] .p.SpringBootRestServiceApplicationTests : Starting SpringBootRestServiceApplicationTests on ASCINLAP61557 with PID 27880 (started by prithvika.v in C:\Users\prithvika.v\eclipse-workspace\SpringBootRestService2)
2025-07-09 11:08:03.088  INFO 27880 --- [main] .p.SpringBootRestServiceApplicationTests : The following profiles are active: @activatedProperties@
2025-07-09 11:08:04.610  INFO 27880 --- [main] .s.d.r.c.RepositoryConfigurationDelegate : Bootstrapping Spring Data JPA repositories in DEFERRED mode.
2025-07-09 11:08:04.769  INFO 27880 --- [main] .s.d.r.c.RepositoryConfigurationDelegate : Finished Spring Data repository scanning in 135ms. Found 1 JPA repository interfaces.
2025-07-09 11:08:06.276  INFO 27880 --- [main] o.s.s.concurrent.ThreadPoolTaskExecutor  : Initializing ExecutorService 'applicationTaskExecutor'
2025-07-09 11:08:06.425  INFO 27880 --- [task-1] o.hibernate.jpa.internal.util.LogHelper  : HHH000204: Processing PersistenceUnitInfo [name: default]
2025-07-09 11:08:06.616  INFO 27880 --- [task-1] org.hibernate.Version                    : HHH000412: Hibernate ORM core version 5.4.17.Final
2025-07-09 11:08:06.748  INFO 27880 --- [task-1] o.hibernate.annotations.common.Version   : HCANN000001: Hibernate Commons Annotations {5.1.0.Final}
2025-07-09 11:08:06.969  WARN 27880 --- [main] JpaBaseConfiguration$JpaWebConfiguration : spring.jpa.open-in-view is enabled by default. Therefore, database queries may be performed during view rendering. Explicitly configure spring.jpa.open-in-view to disable this warning
2025-07-09 11:08:07.291  INFO 27880 --- [task-1] com.zaxxer.hikari.HikariDataSource       : HikariPool-1 - Starting...
2025-07-09 11:08:08.672  INFO 27880 --- [main] o.s.b.t.m.w.SpringBootMockServletContext : Initializing Spring TestDispatcherServlet ''
2025-07-09 11:08:08.673  INFO 27880 --- [main] o.s.t.web.servlet.TestDispatcherServlet  : Initializing Servlet ''
2025-07-09 11:08:08.750  INFO 27880 --- [main] o.s.t.web.servlet.TestDispatcherServlet  : Completed initialization in 76 ms
2025-07-09 11:08:08.812  INFO 27880 --- [main] DeferredRepositoryInitializationListener : Triggering deferred initialization of Spring Data repositories…
2025-07-09 11:08:08.814  INFO 27880 --- [main] DeferredRepositoryInitializationListener : Spring Data repositories initialized!
2025-07-09 11:08:08.858  INFO 27880 --- [main] .p.SpringBootRestServiceApplicationTests : Started SpringBootRestServiceApplicationTests in 6.351 seconds (JVM running for 8.167)
2025-07-09 11:08:08.915  INFO 27880 --- [task-1] com.zaxxer.hikari.HikariDataSource       : HikariPool-1 - Start completed.
2025-07-09 11:08:09.026  INFO 27880 --- [task-1] org.hibernate.dialect.Dialect            : HHH000400: Using dialect: org.hibernate.dialect.MySQL5InnoDBDialect
2025-07-09 11:08:10.199  INFO 27880 --- [task-1] o.h.e.t.j.p.i.JtaPlatformInitiator       : HHH000490: Using JtaPlatform implementation: [org.hibernate.engine.transaction.jta.platform.internal.NoJtaPlatform]
2025-07-09 11:08:10.236  INFO 27880 --- [task-1] j.LocalContainerEntityManagerFactoryBean : Initialized JPA EntityManagerFactory for persistence unit 'default'
2025-07-09 11:08:10.520  INFO 27880 --- [main] c.p.controller.LibraryController         : Book is deleted
2025-07-09 11:08:10.696  INFO 27880 --- [main] c.p.controller.LibraryController         : Book does not exist, creating...
2025-07-09 11:08:10.803  INFO 27880 --- [main] c.p.controller.LibraryController         : Book does not exist, creating...
2025-07-09 11:08:10.877  INFO 27880 --- [SpringContextShutdownHook] j.LocalContainerEntityManagerFactoryBean : Closing JPA EntityManagerFactory for persistence unit 'default'
2025-07-09 11:08:10.885  INFO 27880 --- [SpringContextShutdownHook] o.s.s.concurrent.ThreadPoolTaskExecutor  : Shutting down ExecutorService 'applicationTaskExecutor'
2025-07-09 11:08:10.887  INFO 27880 --- [SpringContextShutdownHook] com.zaxxer.hikari.HikariDataSource       : HikariPool-1 - Shutdown initiated...
2025-07-09 11:08:10.956  INFO 27880 --- [SpringContextShutdownHook] com.zaxxer.hikari.HikariDataSource       : HikariPool-1 - Shutdown completed.
